Command line:
   TB_ram_isim_beh.exe
     -simmode  gui
     -simrunnum  0
     -socket  56280

Fri Nov 01 04:30:17 2019


 Elaboration Time: 0.171875 sec

 Current Memory Usage: 5827.69 Meg

 Total Signals          : 20
 Total Nets             : 82
 Total Signal Drivers   : 12
 Total Blocks           : 3
 Total Primitive Blocks : 2
 Total Processes        : 18
 Total Traceable Variables  : 30
 Total Scalar Nets and Variables : 2097551
Total Line Count : 48

 Total Simulation Time: 0.328125 sec

 Current Memory Usage: 5827.69 Meg

Fri Nov 01 04:30:45 2019

